[0.045s] -- Found ament_cmake: 0.8.2 (/home/hernan/ros2_eloquent/install/ament_cmake/share/ament_cmake/cmake)
[0.078s] -- Using PYTHON_EXECUTABLE: /usr/bin/python3
[0.318s] -- Override CMake install command with custom implementation using symlinks instead of copying resources
[0.329s] -- Found rclcpp: 0.8.3 (/home/hernan/ros2_eloquent/install/rclcpp/share/rclcpp/cmake)
[0.344s] -- Found rosidl_adapter: 0.8.1 (/home/hernan/ros2_eloquent/install/rosidl_adapter/share/rosidl_adapter/cmake)
[0.379s] -- Found rmw_implementation_cmake: 0.8.1 (/home/hernan/ros2_eloquent/install/rmw_implementation_cmake/share/rmw_implementation_cmake/cmake)
[0.381s] -- Using RMW implementation 'rmw_fastrtps_cpp' as default
[0.507s] -- Configuring done
[0.530s] -- Generating done
[0.534s] -- Build files have been written to: /home/hernan/softwaretechnologie-uebung/uebung3/src/hello_world/build/hello_world
[0.628s] [35m[1mScanning dependencies of target talker[0m
[0.664s] [ 50%] [32mBuilding CXX object CMakeFiles/talker.dir/src/publisher_member_function.cpp.o[0m
[0.778s] [01m[K/home/hernan/softwaretechnologie-uebung/uebung3/src/hello_world/src/publisher_member_function.cpp:5:10:[m[K [01;31m[Kfatal error: [m[Kstd_msgs/msg/string.hpp: No such file or directory
[0.779s]  #include [01;31m[K"std_msgs/msg/string.hpp"[m[K
[0.779s]           [01;31m[K^~~~~~~~~~~~~~~~~~~~~~~~~[m[K
[0.779s] compilation terminated.
[0.781s] make[2]: *** [CMakeFiles/talker.dir/src/publisher_member_function.cpp.o] Error 1
[0.781s] CMakeFiles/talker.dir/build.make:62: recipe for target 'CMakeFiles/talker.dir/src/publisher_member_function.cpp.o' failed
[0.782s] CMakeFiles/Makefile2:451: recipe for target 'CMakeFiles/talker.dir/all' failed
[0.782s] Makefile:140: recipe for target 'all' failed
[0.782s] make[1]: *** [CMakeFiles/talker.dir/all] Error 2
[0.782s] make: *** [all] Error 2
