[0.113s] -- Found ament_cmake: 0.8.2 (/home/hernan/ros2_eloquent/install/ament_cmake/share/ament_cmake/cmake)
[0.488s] -- Using PYTHON_EXECUTABLE: /usr/bin/python3
[1.127s] -- Override CMake install command with custom implementation using symlinks instead of copying resources
[1.134s] -- Found rclcpp: 0.8.3 (/home/hernan/ros2_eloquent/install/rclcpp/share/rclcpp/cmake)
[1.192s] -- Found rosidl_adapter: 0.8.1 (/home/hernan/ros2_eloquent/install/rosidl_adapter/share/rosidl_adapter/cmake)
[1.216s] -- Found rmw_implementation_cmake: 0.8.1 (/home/hernan/ros2_eloquent/install/rmw_implementation_cmake/share/rmw_implementation_cmake/cmake)
[1.245s] -- Using RMW implementation 'rmw_fastrtps_cpp' as default
[1.968s] -- Configuring done
[2.024s] -- Generating done
[2.027s] -- Build files have been written to: /home/hernan/softwaretechnologie-uebung/uebung3/src/hello_world/build/hello_world
[2.158s] [35m[1mScanning dependencies of target talker[0m
[2.379s] [ 50%] [32mBuilding CXX object CMakeFiles/talker.dir/src/publisher.cpp.o[0m
[2.503s] [01m[K/home/hernan/softwaretechnologie-uebung/uebung3/src/hello_world/src/publisher.cpp:5:10:[m[K [01;31m[Kfatal error: [m[Kstd_msgs/msg/string.hpp: No such file or directory
[2.504s]  #include [01;31m[K"std_msgs/msg/string.hpp"[m[K
[2.504s]           [01;31m[K^~~~~~~~~~~~~~~~~~~~~~~~~[m[K
[2.504s] compilation terminated.
[2.506s] CMakeFiles/talker.dir/build.make:62: recipe for target 'CMakeFiles/talker.dir/src/publisher.cpp.o' failed
[2.506s] make[2]: *** [CMakeFiles/talker.dir/src/publisher.cpp.o] Error 1
[2.506s] CMakeFiles/Makefile2:451: recipe for target 'CMakeFiles/talker.dir/all' failed
[2.507s] make[1]: *** [CMakeFiles/talker.dir/all] Error 2
[2.507s] make: *** [all] Error 2
[2.507s] Makefile:140: recipe for target 'all' failed
