[0.139s] -- Found ament_cmake: 0.8.2 (/home/hernan/ros2_eloquent/install/ament_cmake/share/ament_cmake/cmake)
[0.517s] -- Using PYTHON_EXECUTABLE: /usr/bin/python3
[1.206s] -- Override CMake install command with custom implementation using symlinks instead of copying resources
[1.215s] -- Found rclcpp: 0.8.3 (/home/hernan/ros2_eloquent/install/rclcpp/share/rclcpp/cmake)
[1.272s] -- Found rosidl_adapter: 0.8.1 (/home/hernan/ros2_eloquent/install/rosidl_adapter/share/rosidl_adapter/cmake)
[1.296s] -- Found rmw_implementation_cmake: 0.8.1 (/home/hernan/ros2_eloquent/install/rmw_implementation_cmake/share/rmw_implementation_cmake/cmake)
[1.329s] -- Using RMW implementation 'rmw_fastrtps_cpp' as default
[2.076s] -- Configuring done
[2.098s] -- Generating done
[2.103s] -- Build files have been written to: /home/hernan/softwaretechnologie-uebung/uebung3/src/hello_world/build/hello_world
[2.200s] [ 50%] [32mBuilding CXX object CMakeFiles/talker.dir/src/publisher_member_function.cpp.o[0m
[2.310s] [01m[K/home/hernan/softwaretechnologie-uebung/uebung3/src/hello_world/src/publisher_member_function.cpp:5:10:[m[K [01;31m[Kfatal error: [m[Kstd_msgs/msg/string.hpp: No such file or directory
[2.310s]  #include [01;31m[K"std_msgs/msg/string.hpp"[m[K
[2.310s]           [01;31m[K^~~~~~~~~~~~~~~~~~~~~~~~~[m[K
[2.310s] compilation terminated.
[2.313s] CMakeFiles/talker.dir/build.make:62: recipe for target 'CMakeFiles/talker.dir/src/publisher_member_function.cpp.o' failed
[2.313s] make[2]: *** [CMakeFiles/talker.dir/src/publisher_member_function.cpp.o] Error 1
[2.314s] make[1]: *** [CMakeFiles/talker.dir/all] Error 2
[2.314s] CMakeFiles/Makefile2:451: recipe for target 'CMakeFiles/talker.dir/all' failed
[2.314s] make: *** [all] Error 2
[2.314s] Makefile:140: recipe for target 'all' failed
